Determining if the pthread_create exist failed with the following output:
Change Dir: /home/viswanath/Desktop/loggerN/CMakeFiles/CMakeTmp

Run Build Command:"/usr/bin/make" "cmTC_6ac3b/fast"
/usr/bin/make -f CMakeFiles/cmTC_6ac3b.dir/build.make CMakeFiles/cmTC_6ac3b.dir/build
make[1]: Entering directory '/home/viswanath/Desktop/loggerN/CMakeFiles/CMakeTmp'
Building C object CMakeFiles/cmTC_6ac3b.dir/CheckSymbolExists.c.o
/usr/bin/cc     -o CMakeFiles/cmTC_6ac3b.dir/CheckSymbolExists.c.o   -c /home/viswanath/Desktop/loggerN/CMakeFiles/CMakeTmp/CheckSymbolExists.c
Linking C executable cmTC_6ac3b
/usr/bin/cmake -E cmake_link_script CMakeFiles/cmTC_6ac3b.dir/link.txt --verbose=1
/usr/bin/cc       CMakeFiles/cmTC_6ac3b.dir/CheckSymbolExists.c.o  -o cmTC_6ac3b 
CMakeFiles/cmTC_6ac3b.dir/CheckSymbolExists.c.o: In function `main':
CheckSymbolExists.c:(.text+0x16): undefined reference to `pthread_create'
collect2: error: ld returned 1 exit status
CMakeFiles/cmTC_6ac3b.dir/build.make:97: recipe for target 'cmTC_6ac3b' failed
make[1]: *** [cmTC_6ac3b] Error 1
make[1]: Leaving directory '/home/viswanath/Desktop/loggerN/CMakeFiles/CMakeTmp'
Makefile:126: recipe for target 'cmTC_6ac3b/fast' failed
make: *** [cmTC_6ac3b/fast] Error 2

File /home/viswanath/Desktop/loggerN/CMakeFiles/CMakeTmp/CheckSymbolExists.c:
/* */
#include <pthread.h>

int main(int argc, char** argv)
{
  (void)argv;
#ifndef pthread_create
  return ((int*)(&pthread_create))[argc];
#else
  (void)argc;
  return 0;
#endif
}

Determining if the function pthread_create exists in the pthreads failed with the following output:
Change Dir: /home/viswanath/Desktop/loggerN/CMakeFiles/CMakeTmp

Run Build Command:"/usr/bin/make" "cmTC_268f8/fast"
/usr/bin/make -f CMakeFiles/cmTC_268f8.dir/build.make CMakeFiles/cmTC_268f8.dir/build
make[1]: Entering directory '/home/viswanath/Desktop/loggerN/CMakeFiles/CMakeTmp'
Building C object CMakeFiles/cmTC_268f8.dir/CheckFunctionExists.c.o
/usr/bin/cc    -DCHECK_FUNCTION_EXISTS=pthread_create   -o CMakeFiles/cmTC_268f8.dir/CheckFunctionExists.c.o   -c /usr/share/cmake-3.5/Modules/CheckFunctionExists.c
Linking C executable cmTC_268f8
/usr/bin/cmake -E cmake_link_script CMakeFiles/cmTC_268f8.dir/link.txt --verbose=1
/usr/bin/cc   -DCHECK_FUNCTION_EXISTS=pthread_create    CMakeFiles/cmTC_268f8.dir/CheckFunctionExists.c.o  -o cmTC_268f8 -lpthreads 
/usr/bin/ld: cannot find -lpthreads
collect2: error: ld returned 1 exit status
CMakeFiles/cmTC_268f8.dir/build.make:97: recipe for target 'cmTC_268f8' failed
make[1]: *** [cmTC_268f8] Error 1
make[1]: Leaving directory '/home/viswanath/Desktop/loggerN/CMakeFiles/CMakeTmp'
Makefile:126: recipe for target 'cmTC_268f8/fast' failed
make: *** [cmTC_268f8/fast] Error 2


